{"name": "Закрытие всплывающего окна с деталями", "status": "broken", "statusDetails": {"message": "selenium.common.exceptions.TimeoutException: Message:", "trace": "self = <page_object.tests.main_page_test.TestMainPage object at 0x10466c1d0>, driver = <selenium.webdriver.chrome.webdriver.WebDriver (session=\"819d32e14802e9ef54f0f8add0870c7f\")>\nopen_stellar_burgers = None\n\n    @allure.title('Закрытие всплывающего окна с деталями')\n    def test_close_modal_ingredient(self, driver, open_stellar_burgers):\n        main_page = MainPage(driver)\n        main_page.scroll_to_ingredient()\n        main_page.click_to_ingredient()\n>       main_page.click_to_close_modal()\n\npage_object/tests/main_page_test.py:39: \n_ _ _ _ _ _ _ _ _ _ _ _ _ _ _ _ _ _ _ _ _ _ _ _ _ _ _ _ _ _ _ _ _ _ _ _ _ _ _ _ _ _ _ _ _ _ _ _ _ _ _ _ _ _ _ _ _ _ _ _ _ _ _ _ _ _ _ _ _ _ _ _ _ _ _ _ _ _ _ _ _ _ _ _ _ _ _ _ _ _ _ _ _ _ _ _ _ _ _ _ _ \npage_object/pages/main_page.py:31: in click_to_close_modal\n    self.wait_new_url(Urls.SERVER_URL)\npage_object/pages/base_page.py:19: in wait_new_url\n    WebDriverWait(self.driver, 15).until(EC.url_to_be(url))\n_ _ _ _ _ _ _ _ _ _ _ _ _ _ _ _ _ _ _ _ _ _ _ _ _ _ _ _ _ _ _ _ _ _ _ _ _ _ _ _ _ _ _ _ _ _ _ _ _ _ _ _ _ _ _ _ _ _ _ _ _ _ _ _ _ _ _ _ _ _ _ _ _ _ _ _ _ _ _ _ _ _ _ _ _ _ _ _ _ _ _ _ _ _ _ _ _ _ _ _ _ \n\nself = <selenium.webdriver.support.wait.WebDriverWait (session=\"819d32e14802e9ef54f0f8add0870c7f\")>, method = <function url_to_be.<locals>._predicate at 0x104732ca0>, message = ''\n\n    def until(self, method: Callable[[D], Union[Literal[False], T]], message: str = \"\") -> T:\n        \"\"\"Calls the method provided with the driver as an argument until the \\\n        return value does not evaluate to ``False``.\n    \n        :param method: callable(WebDriver)\n        :param message: optional message for :exc:`TimeoutException`\n        :returns: the result of the last call to `method`\n        :raises: :exc:`selenium.common.exceptions.TimeoutException` if timeout occurs\n        \"\"\"\n        screen = None\n        stacktrace = None\n    \n        end_time = time.monotonic() + self._timeout\n        while True:\n            try:\n                value = method(self._driver)\n                if value:\n                    return value\n            except self._ignored_exceptions as exc:\n                screen = getattr(exc, \"screen\", None)\n                stacktrace = getattr(exc, \"stacktrace\", None)\n            time.sleep(self._poll)\n            if time.monotonic() > end_time:\n                break\n>       raise TimeoutException(message, screen, stacktrace)\nE       selenium.common.exceptions.TimeoutException: Message:\n\n../../PycharmProjects/Sprint_6/.venv/lib/python3.12/site-packages/selenium/webdriver/support/wait.py:105: TimeoutException"}, "start": 1721552265628, "stop": 1721552281271, "uuid": "74d98010-0c4d-4e88-9a2d-a779489790b8", "historyId": "805949c8aa28316f5d33c27a550df3b8", "testCaseId": "805949c8aa28316f5d33c27a550df3b8", "fullName": "page_object.tests.main_page_test.TestMainPage#test_close_modal_ingredient", "labels": [{"name": "parentSuite", "value": "page_object.tests"}, {"name": "suite", "value": "main_page_test"}, {"name": "subSuite", "value": "TestMainPage"}, {"name": "host", "value": "MacBook-Pro-Ola.local"}, {"name": "thread", "value": "15853-MainThread"}, {"name": "framework", "value": "pytest"}, {"name": "language", "value": "cpython3"}, {"name": "package", "value": "page_object.tests.main_page_test"}]}